<?xml version="1.0" ?>
<!DOCTYPE coverage SYSTEM "http://cobertura.sourceforge.net/xml/coverage-04.dtd">
<coverage lines-valid="14"  lines-covered="7"  line-rate="0.5"  branches-valid="4"  branches-covered="0"  branch-rate="0"  timestamp="1508267486924" complexity="0" version="0.1">
<sources>
	<source>D:\AureliaTesting\AureliaTesting</source>
</sources>
<packages>
	<package name="...src.resources"  line-rate="1"  branch-rate="1" >
	<classes>
		<class name="index.ts"  filename="..\src\resources\index.ts"  line-rate="1"  branch-rate="1" >
		<methods>
			<method name="configure"  hits="0"  signature="()V" >
				<lines><line number="3"  hits="0" /></lines>
			</method>
		</methods>
		<lines>
			<line number="3"  hits="1"  branch="false" />
		</lines>
		</class>
	</classes>
	</package>
	<package name="...src"  line-rate="0.46149999999999997"  branch-rate="0" >
	<classes>
		<class name="app.ts"  filename="..\src\app.ts"  line-rate="1"  branch-rate="1" >
		<methods>
			<method name="(anonymous_2)"  hits="1"  signature="()V" >
				<lines><line number="3"  hits="1" /></lines>
			</method>
			<method name="App"  hits="2"  signature="()V" >
				<lines><line number="6"  hits="2" /></lines>
			</method>
		</methods>
		<lines>
			<line number="3"  hits="1"  branch="false" />
			<line number="4"  hits="2"  branch="false" />
			<line number="6"  hits="1"  branch="false" />
			<line number="7"  hits="2"  branch="false" />
			<line number="9"  hits="1"  branch="false" />
		</lines>
		</class>
		<class name="environment.ts"  filename="..\src\environment.ts"  line-rate="0"  branch-rate="1" >
		<methods>
		</methods>
		<lines>
			<line number="1"  hits="0"  branch="false" />
		</lines>
		</class>
		<class name="main.ts"  filename="..\src\main.ts"  line-rate="0.1429"  branch-rate="0" >
		<methods>
			<method name="configure"  hits="0"  signature="()V" >
				<lines><line number="6"  hits="0" /></lines>
			</method>
			<method name="(anonymous_7)"  hits="0"  signature="()V" >
				<lines><line number="20"  hits="0" /></lines>
			</method>
		</methods>
		<lines>
			<line number="6"  hits="1"  branch="false" />
			<line number="7"  hits="0"  branch="false" />
			<line number="12"  hits="0"  branch="true"  condition-coverage="0% (0/2)" />
			<line number="13"  hits="0"  branch="false" />
			<line number="16"  hits="0"  branch="true"  condition-coverage="0% (0/2)" />
			<line number="17"  hits="0"  branch="false" />
			<line number="20"  hits="0"  branch="false" />
		</lines>
		</class>
	</classes>
	</package>
</packages>
</coverage>
